
/home/runner/work/exp-image-processing-iitg/exp-image-processing-iitg/experiment/exp1-image-enhancement/simulation/js/script.js
   10:1   warning  'cv' is not defined  no-undef
   64:5   warning  'cv' is not defined  no-undef
  114:25  warning  'cv' is not defined  no-undef
  115:5   warning  'cv' is not defined  no-undef
  115:42  warning  'cv' is not defined  no-undef
  117:22  warning  'cv' is not defined  no-undef
  118:5   warning  'cv' is not defined  no-undef
  120:21  warning  'cv' is not defined  no-undef
  124:24  warning  'cv' is not defined  no-undef
  125:27  warning  'cv' is not defined  no-undef
  126:7   warning  'cv' is not defined  no-undef
  129:24  warning  'cv' is not defined  no-undef
  130:7   warning  'cv' is not defined  no-undef
  130:34  warning  'cv' is not defined  no-undef
  132:23  warning  'cv' is not defined  no-undef
  133:7   warning  'cv' is not defined  no-undef
  133:47  warning  'cv' is not defined  no-undef
  135:27  warning  'cv' is not defined  no-undef
  136:7   warning  'cv' is not defined  no-undef
  136:33  warning  'cv' is not defined  no-undef
  138:26  warning  'cv' is not defined  no-undef
  139:7   warning  'cv' is not defined  no-undef
  141:23  warning  'cv' is not defined  no-undef
  142:7   warning  'cv' is not defined  no-undef
  144:23  warning  'cv' is not defined  no-undef
  145:7   warning  'cv' is not defined  no-undef
  147:25  warning  'cv' is not defined  no-undef
  148:25  warning  'cv' is not defined  no-undef
  149:7   warning  'cv' is not defined  no-undef
  150:7   warning  'cv' is not defined  no-undef
  151:7   warning  'cv' is not defined  no-undef
  167:7   warning  'cv' is not defined  no-undef
  184:19  warning  'cv' is not defined  no-undef
  189:11  warning  'cv' is not defined  no-undef
  189:33  warning  'cv' is not defined  no-undef
  195:11  warning  'cv' is not defined  no-undef
  195:41  warning  'cv' is not defined  no-undef
  201:11  warning  'cv' is not defined  no-undef
  207:28  warning  'cv' is not defined  no-undef
  208:11  warning  'cv' is not defined  no-undef
  208:34  warning  'cv' is not defined  no-undef
  210:27  warning  'cv' is not defined  no-undef
  211:11  warning  'cv' is not defined  no-undef
  211:35  warning  'cv' is not defined  no-undef
  211:62  warning  'cv' is not defined  no-undef
  213:11  warning  'cv' is not defined  no-undef
  213:33  warning  'cv' is not defined  no-undef
  235:7   warning  'cv' is not defined  no-undef
  262:13  warning  'cv' is not defined  no-undef

/home/runner/work/exp-image-processing-iitg/exp-image-processing-iitg/experiment/exp2-intensity-transformation/simulation/js/main.js
   72:20  warning  'cv' is not defined  no-undef
   73:7   warning  'cv' is not defined  no-undef
   73:28  warning  'cv' is not defined  no-undef
   75:19  warning  'cv' is not defined  no-undef
   78:9   warning  'cv' is not defined  no-undef
   84:23  warning  'cv' is not defined  no-undef
   84:36  warning  'cv' is not defined  no-undef
   88:9   warning  'cv' is not defined  no-undef
   93:18  warning  'cv' is not defined  no-undef
   94:28  warning  'cv' is not defined  no-undef
   97:20  warning  'cv' is not defined  no-undef
   98:7   warning  'cv' is not defined  no-undef
   98:28  warning  'cv' is not defined  no-undef
   99:7   warning  'cv' is not defined  no-undef
  122:11  warning  'cv' is not defined  no-undef
  124:24  warning  'cv' is not defined  no-undef
  125:7   warning  'cv' is not defined  no-undef
  125:36  warning  'cv' is not defined  no-undef
  127:7   warning  'cv' is not defined  no-undef

✖ 68 problems (0 errors, 68 warnings)

